-------------------------------------------------------------------------------
>Log Session: Sunday, November 6, 2022 at 3:52:23 PM Central European Standard Time
>System Info: 
  Product Version         = Apache NetBeans IDE 14
  Operating System        = Linux version 6.0.6-arch1-1 running on amd64
  Java; VM; Vendor        = 17.0.1; OpenJDK 64-Bit Server VM 17.0.1+12-39; Oracle Corporation
  Runtime                 = OpenJDK Runtime Environment 17.0.1+12-39
  Java Home               = /opt/jdk-17
  System Locale; Encoding = pl_PL (nb); UTF-8
  Home Directory          = /home/turgon
  Current Directory       = /home/turgon/Documents/Politechnika/Sem5/PAS/zad2
  User Directory          = /home/turgon/Documents/Politechnika/Sem5/PAS/zad2
  Cache Directory         = /home/turgon/Documents/Politechnika/Sem5/PAS/zad2
  Installation            = /lib/netbeans/nb
                            /lib/netbeans/ergonomics
                            /lib/netbeans/ide
                            /lib/netbeans/extide
                            /lib/netbeans/java
                            /lib/netbeans/apisupport
                            /lib/netbeans/webcommon
                            /lib/netbeans/websvccommon
                            /lib/netbeans/enterprise
                            /lib/netbeans/profiler
                            /lib/netbeans/php
                            /lib/netbeans/harness
                            /lib/netbeans/groovy
                            /lib/netbeans/javafx
                            //lib/netbeans/platform
  Boot & Ext. Classpath   = 
  Application Classpath   = //lib/netbeans/platform/lib/boot.jar://lib/netbeans/platform/lib/org-openide-modules.jar://lib/netbeans/platform/lib/org-openide-util.jar://lib/netbeans/platform/lib/org-openide-util-lookup.jar://lib/netbeans/platform/lib/org-openide-util-ui.jar
  Startup Classpath       = /lib/netbeans/platform/core/asm-9.2.jar:/lib/netbeans/platform/core/org-openide-filesystems.jar:/lib/netbeans/platform/core/org-netbeans-libs-asm.jar:/lib/netbeans/platform/core/asm-tree-9.2.jar:/lib/netbeans/platform/core/asm-commons-9.2.jar:/lib/netbeans/platform/core/core.jar:/lib/netbeans/platform/core/org-openide-filesystems-compat8.jar:/lib/netbeans/platform/core/core-base.jar:/lib/netbeans/nb/core/org-netbeans-upgrader.jar:/lib/netbeans/nb/core/locale/core_nb.jar
-------------------------------------------------------------------------------
